[ 2023-03-24 02:20:39,117 ] 159 numexpr.utils - INFO - NumExpr defaulting to 8 threads.
[ 2023-03-24 02:20:43,893 ] 16 root - INFO - >>>>>>>>>>>>>>>>>>>>>>>>>>>>>>>>>>>>>>>> Data Ingestion <<<<<<<<<<<<<<<<<<<<<<<<<<<<<<<<<<<<<<<<
[ 2023-03-24 02:20:43,893 ] 23 root - INFO - Exporting collection data as pandas dataframe
[ 2023-03-24 02:20:43,893 ] 21 root - INFO - Reading data from database: ThyroidF and collection: Thyroid Project
[ 2023-03-24 02:20:46,956 ] 23 root - INFO - Found columns: Index(['_id', '29', 'F', 'f', 'f.1', 'f.2', 'f.3', 'f.4', 'f.5', 'f.6', 't',
       'f.7', 'f.8', 'f.9', 'f.10', 'f.11', 'f.12', 't.1', '0.3', 'f.13', '?',
       'f.14', '?.1', 'f.15', '?.2', 'f.16', '?.3', 'f.17', '?.4', 'other',
       '-[840801013]'],
      dtype='object')
[ 2023-03-24 02:20:46,956 ] 25 root - INFO - Dropping column: _id 
[ 2023-03-24 02:20:46,964 ] 27 root - INFO - Row and columns in df: (18342, 30)
[ 2023-03-24 02:20:46,964 ] 30 root - INFO - collected the data with no column name
[ 2023-03-24 02:20:46,964 ] 33 root - INFO - column 'other' is of no use so just dropping it
[ 2023-03-24 02:20:46,979 ] 36 root - INFO - adding column names
[ 2023-03-24 02:20:46,979 ] 40 root - INFO - getting splitted val of Target column
[ 2023-03-24 02:20:47,045 ] 50 root - INFO - dropping featuree that are not useful 
[ 2023-03-24 02:20:47,063 ] 57 root - INFO - Saving df to dataset folder
[ 2023-03-24 02:20:47,269 ] 87 root - INFO - Data ingestion artifact: DataIngestionArtifact(dataset_file_path='C:\\Users\\tando\\Downloads\\thyroid-detection-main\\thyroid-detection-main\\artifact\\03242023__022043\\data_ingestion\\dataset\\thyroiddataset.csv')
[ 2023-03-24 02:20:47,271 ] 22 root - INFO - >>>>>>>>>>>>>>>>>>>>>>>>>>>>>>>>>>>>>>>> Data Validation <<<<<<<<<<<<<<<<<<<<<<<<<<<<<<<<<<<<<<<<
[ 2023-03-24 02:20:47,271 ] 62 root - INFO - Reading base dataframe
[ 2023-03-24 02:20:47,443 ] 65 root - INFO - Replace na value in base df
[ 2023-03-24 02:20:47,443 ] 70 root - INFO - Reading dataframe
[ 2023-03-24 02:20:47,459 ] 90 root - INFO - Splitting test and train and saving to datasplit folder
[ 2023-03-24 02:20:47,459 ] 96 root - INFO - Write reprt in yaml file
[ 2023-03-24 02:20:47,533 ] 106 root - INFO - Data validation artifact: DataValidationArtifact(report_file_path='C:\\Users\\tando\\Downloads\\thyroid-detection-main\\thyroid-detection-main\\artifact\\03242023__022043\\data_validation\\report.yaml', train_file_path='C:\\Users\\tando\\Downloads\\thyroid-detection-main\\thyroid-detection-main\\artifact\\03242023__022043\\data_validation\\datasetsplit\\train.csv', test_file_path='C:\\Users\\tando\\Downloads\\thyroid-detection-main\\thyroid-detection-main\\artifact\\03242023__022043\\data_validation\\datasetsplit\\test.csv')
[ 2023-03-24 02:20:47,534 ] 29 root - INFO - >>>>>>>>>>>>>>>>>>>>>>>>>>>>>>>>>>>>>>>> Data Transformation <<<<<<<<<<<<<<<<<<<<<<<<<<<<<<<<<<<<<<<<
[ 2023-03-24 02:20:49,966 ] 48 root - INFO - Entered the save_object method of utils
[ 2023-03-24 02:20:49,973 ] 52 root - INFO - Exited the save_object method of utils
[ 2023-03-24 02:20:49,973 ] 48 root - INFO - Entered the save_object method of utils
[ 2023-03-24 02:20:49,973 ] 52 root - INFO - Exited the save_object method of utils
