[ 2023-03-24 02:21:40,312 ] 159 numexpr.utils - INFO - NumExpr defaulting to 8 threads.
[ 2023-03-24 02:21:43,106 ] 16 root - INFO - >>>>>>>>>>>>>>>>>>>>>>>>>>>>>>>>>>>>>>>> Data Ingestion <<<<<<<<<<<<<<<<<<<<<<<<<<<<<<<<<<<<<<<<
[ 2023-03-24 02:21:43,106 ] 23 root - INFO - Exporting collection data as pandas dataframe
[ 2023-03-24 02:21:43,106 ] 21 root - INFO - Reading data from database: ThyroidF and collection: Thyroid Project
[ 2023-03-24 02:21:44,738 ] 23 root - INFO - Found columns: Index(['_id', '29', 'F', 'f', 'f.1', 'f.2', 'f.3', 'f.4', 'f.5', 'f.6', 't',
       'f.7', 'f.8', 'f.9', 'f.10', 'f.11', 'f.12', 't.1', '0.3', 'f.13', '?',
       'f.14', '?.1', 'f.15', '?.2', 'f.16', '?.3', 'f.17', '?.4', 'other',
       '-[840801013]'],
      dtype='object')
[ 2023-03-24 02:21:44,743 ] 25 root - INFO - Dropping column: _id 
[ 2023-03-24 02:21:44,754 ] 27 root - INFO - Row and columns in df: (18342, 30)
[ 2023-03-24 02:21:44,754 ] 30 root - INFO - collected the data with no column name
[ 2023-03-24 02:21:44,754 ] 33 root - INFO - column 'other' is of no use so just dropping it
[ 2023-03-24 02:21:44,754 ] 36 root - INFO - adding column names
[ 2023-03-24 02:21:44,754 ] 40 root - INFO - getting splitted val of Target column
[ 2023-03-24 02:21:44,834 ] 50 root - INFO - dropping featuree that are not useful 
[ 2023-03-24 02:21:44,868 ] 57 root - INFO - Saving df to dataset folder
[ 2023-03-24 02:21:45,068 ] 87 root - INFO - Data ingestion artifact: DataIngestionArtifact(dataset_file_path='C:\\Users\\tando\\Downloads\\thyroid-detection-main\\thyroid-detection-main\\artifact\\03242023__022143\\data_ingestion\\dataset\\thyroiddataset.csv')
[ 2023-03-24 02:21:45,068 ] 22 root - INFO - >>>>>>>>>>>>>>>>>>>>>>>>>>>>>>>>>>>>>>>> Data Validation <<<<<<<<<<<<<<<<<<<<<<<<<<<<<<<<<<<<<<<<
[ 2023-03-24 02:21:45,068 ] 62 root - INFO - Reading base dataframe
[ 2023-03-24 02:21:45,178 ] 65 root - INFO - Replace na value in base df
[ 2023-03-24 02:21:45,178 ] 70 root - INFO - Reading dataframe
[ 2023-03-24 02:21:45,193 ] 90 root - INFO - Splitting test and train and saving to datasplit folder
[ 2023-03-24 02:21:45,193 ] 96 root - INFO - Write reprt in yaml file
[ 2023-03-24 02:21:45,476 ] 106 root - INFO - Data validation artifact: DataValidationArtifact(report_file_path='C:\\Users\\tando\\Downloads\\thyroid-detection-main\\thyroid-detection-main\\artifact\\03242023__022143\\data_validation\\report.yaml', train_file_path='C:\\Users\\tando\\Downloads\\thyroid-detection-main\\thyroid-detection-main\\artifact\\03242023__022143\\data_validation\\datasetsplit\\train.csv', test_file_path='C:\\Users\\tando\\Downloads\\thyroid-detection-main\\thyroid-detection-main\\artifact\\03242023__022143\\data_validation\\datasetsplit\\test.csv')
[ 2023-03-24 02:21:45,476 ] 30 root - INFO - >>>>>>>>>>>>>>>>>>>>>>>>>>>>>>>>>>>>>>>> Data Transformation <<<<<<<<<<<<<<<<<<<<<<<<<<<<<<<<<<<<<<<<
[ 2023-03-24 02:21:47,887 ] 48 root - INFO - Entered the save_object method of utils
[ 2023-03-24 02:21:47,890 ] 52 root - INFO - Exited the save_object method of utils
[ 2023-03-24 02:21:47,890 ] 48 root - INFO - Entered the save_object method of utils
[ 2023-03-24 02:21:47,897 ] 52 root - INFO - Exited the save_object method of utils
[ 2023-03-24 02:21:47,897 ] 133 root - INFO - sklearn version: 1.1.1
[ 2023-03-24 02:21:47,897 ] 144 root - INFO - Data transformation object DataTransformationArtifact(transform_object_path='C:\\Users\\tando\\Downloads\\thyroid-detection-main\\thyroid-detection-main\\artifact\\03242023__022143\\data_transformation\\transformer\\transformer.pkl', transformed_train_path='C:\\Users\\tando\\Downloads\\thyroid-detection-main\\thyroid-detection-main\\artifact\\03242023__022143\\data_transformation\\transformed\\train.npz', transformed_test_path='C:\\Users\\tando\\Downloads\\thyroid-detection-main\\thyroid-detection-main\\artifact\\03242023__022143\\data_transformation\\transformed\\test.npz', target_encoder_path='C:\\Users\\tando\\Downloads\\thyroid-detection-main\\thyroid-detection-main\\artifact\\03242023__022143\\data_transformation\\target_encoder\\target_encoder.pkl')
[ 2023-03-24 02:21:47,898 ] 19 root - INFO - >>>>>>>>>>>>>>>>>>>>>>>>>>>>>>>>>>>>>>>> Model Trainer <<<<<<<<<<<<<<<<<<<<<<<<<<<<<<<<<<<<<<<<
[ 2023-03-24 02:21:47,898 ] 46 root - INFO - Loading train and test array.
[ 2023-03-24 02:21:47,900 ] 50 root - INFO - Splitting input and target feature from both train and test arr.
[ 2023-03-24 02:21:47,900 ] 54 root - INFO - Train the model
[ 2023-03-24 02:21:47,932 ] 57 root - INFO - Calculating f1 train score
[ 2023-03-24 02:21:47,932 ] 61 root - INFO - Calculating f1 test score
[ 2023-03-24 02:21:47,932 ] 65 root - INFO - train score:0.9323132065067549 and tests score 0.892502756339581
[ 2023-03-24 02:21:47,932 ] 67 root - INFO - Checking if our model is underfitting or not
[ 2023-03-24 02:21:47,932 ] 72 root - INFO - Checking if our model is overfiiting or not
[ 2023-03-24 02:21:47,932 ] 79 root - INFO - Saving mode object
[ 2023-03-24 02:21:47,932 ] 48 root - INFO - Entered the save_object method of utils
[ 2023-03-24 02:21:47,940 ] 52 root - INFO - Exited the save_object method of utils
[ 2023-03-24 02:21:47,940 ] 83 root - INFO - Prepare the artifact
[ 2023-03-24 02:21:47,940 ] 86 root - INFO - Model trainer artifact: ModelTrainerArtifact(model_path='C:\\Users\\tando\\Downloads\\thyroid-detection-main\\thyroid-detection-main\\artifact\\03242023__022143\\model_trainer\\model\\model.pkl', accuracy_train=0.9323132065067549, accuracy_test=0.892502756339581)
[ 2023-03-24 02:21:47,940 ] 20 root - INFO - >>>>>>>>>>>>>>>>>>>>>>>>>>>>>>>>>>>>>>>>  Model Evaluation <<<<<<<<<<<<<<<<<<<<<<<<<<<<<<<<<<<<<<<<
[ 2023-03-24 02:21:47,940 ] 36 root - INFO - if saved model folder has model the we will compare which model is best trained or the model from saved model folder
[ 2023-03-24 02:21:47,940 ] 47 root - INFO - Finding location of transformer model and target encoder
[ 2023-03-24 02:21:47,940 ] 52 root - INFO - Previous trained objects of transformer, model and target encoder
[ 2023-03-24 02:21:47,948 ] 60 root - INFO - Currently trained model objects
[ 2023-03-24 02:21:48,367 ] 78 root - INFO - Accuracy using previous trained model: 0.8224917309812569
[ 2023-03-24 02:21:48,799 ] 87 root - INFO - Accuracy using current trained model: 0.892502756339581
[ 2023-03-24 02:21:48,799 ] 94 root - INFO - Model eval artifact: ModelEvaluationArtifact(is_model_accepted=True, improved_accuracy=0.07001102535832404)
[ 2023-03-24 02:21:48,799 ] 14 root - INFO - >>>>>>>>>>>>>>>>>>>>>>>>>>>>>>>>>>>>>>>> Data pusher <<<<<<<<<<<<<<<<<<<<<<<<<<<<<<<<<<<<<<<<
[ 2023-03-24 02:21:48,799 ] 25 root - INFO - Loading transformer model and target encoder
[ 2023-03-24 02:21:48,799 ] 31 root - INFO - Saving model into model pusher directory
[ 2023-03-24 02:21:48,799 ] 48 root - INFO - Entered the save_object method of utils
[ 2023-03-24 02:21:48,815 ] 52 root - INFO - Exited the save_object method of utils
[ 2023-03-24 02:21:48,815 ] 48 root - INFO - Entered the save_object method of utils
[ 2023-03-24 02:21:48,818 ] 52 root - INFO - Exited the save_object method of utils
[ 2023-03-24 02:21:48,818 ] 48 root - INFO - Entered the save_object method of utils
[ 2023-03-24 02:21:48,822 ] 52 root - INFO - Exited the save_object method of utils
[ 2023-03-24 02:21:48,822 ] 38 root - INFO - Saving model in saved model dir
[ 2023-03-24 02:21:48,822 ] 48 root - INFO - Entered the save_object method of utils
[ 2023-03-24 02:21:48,829 ] 52 root - INFO - Exited the save_object method of utils
[ 2023-03-24 02:21:48,829 ] 48 root - INFO - Entered the save_object method of utils
[ 2023-03-24 02:21:48,834 ] 52 root - INFO - Exited the save_object method of utils
[ 2023-03-24 02:21:48,834 ] 48 root - INFO - Entered the save_object method of utils
[ 2023-03-24 02:21:48,837 ] 52 root - INFO - Exited the save_object method of utils
[ 2023-03-24 02:21:48,837 ] 49 root - INFO - Model pusher artifact: ModelPusherArtifact(pusher_model_dir='C:\\Users\\tando\\Downloads\\thyroid-detection-main\\thyroid-detection-main\\artifact\\03242023__022143\\model_pusher\\saved_models', saved_model_dir='saved_models')
